<?xml version="1.0" encoding="UTF-8"?>
<!-- Generated by org.testng.reporters.JUnitXMLReporter -->
<testsuite ignored="0" hostname="VGHOL0413" failures="0" tests="8" name="Default test" time="55.458" errors="0" timestamp="2025-07-20T17:34:17 IST">
  <testcase classname="testcases.ProfileTest" name="Veriy_that_user_is_able_to_click_on_login_button" time="0.748"/>
  <testcase classname="testcases.ProfileTest" name="verifying_that_user_able_click_on_the_myProfileButton" time="12.51"/>
  <testcase classname="testcases.ProfileTest" name="Verify_that_user_is_able_to_select_Passenger_Type" time="0.246"/>
  <testcase classname="testcases.ProfileTest" name="verify_that_user_is_able_to_click_on_Title" time="5.171"/>
  <testcase classname="testcases.ProfileTest" name="verify_that_user_is_able_to_enter_firstName" time="0.104"/>
  <testcase classname="testcases.ProfileTest" name="verify_that_user_is_able_to_enter_last_name" time="0.094"/>
  <testcase classname="testcases.ProfileTest" name="verify_that_user_able_to_enterDOB" time="0.312"/>
  <testcase classname="testcases.ProfileTest" name="verify_that_user_is_able_to_update_profile" time="0.001"/>
</testsuite> <!-- Default test -->
