<?xml version="1.0" encoding="UTF-8"?>
<!-- Generated by org.testng.reporters.JUnitXMLReporter -->
<testsuite ignored="0" hostname="VGHOL0413" failures="0" tests="5" name="Default test" time="60.59" errors="0" timestamp="2025-07-18T22:56:24 IST">
  <testcase classname="testcases.LoginTest" name="hoverOnTheLoginButtonAction" time="0.273"/>
  <testcase classname="testcases.LoginTest" name="clickOntheCustomerLoginButtonAction" time="0.29"/>
  <testcase classname="testcases.LoginTest" name="enterMobileNumberAction" time="0.22"/>
  <testcase classname="testcases.LoginTest" name="clickOnTheContinueButtonAction" time="0.352"/>
  <testcase classname="testcases.LoginTest" name="userLoginWith_OTP_PasswordAction" time="50.925"/>
</testsuite> <!-- Default test -->
