<?xml version="1.0" encoding="UTF-8"?>
<!-- Generated by org.testng.reporters.JUnitXMLReporter -->
<testsuite ignored="0" hostname="VGHOL0413" failures="0" tests="5" name="Test" time="48.692" errors="0" timestamp="2025-07-16T22:14:50 IST">
  <testcase classname="testcases.LoginTest" name="hoverOnTheLoginButtonAction" time="0.438"/>
  <testcase classname="testcases.LoginTest" name="clickOntheCustomerLoginButtonAction" time="0.481"/>
  <testcase classname="testcases.LoginTest" name="enterMobileNumberAction" time="0.304"/>
  <testcase classname="testcases.LoginTest" name="clickOnTheContinueButtonAction" time="0.351"/>
  <testcase classname="testcases.LoginTest" name="userLoginWith_OTP_PasswordAction" time="34.489"/>
</testsuite> <!-- Test -->
