<?xml version="1.0" encoding="UTF-8"?>
<testng-results ignored="0" total="1" passed="1" failed="0" skipped="0">
  <reporter-output>
  </reporter-output>
  <suite started-at="2025-07-06T13:11:34 IST" name="Default suite" finished-at="2025-07-06T13:11:46 IST" duration-ms="11850">
    <groups>
    </groups>
    <test started-at="2025-07-06T13:11:34 IST" name="Default test" finished-at="2025-07-06T13:11:46 IST" duration-ms="11850">
      <class name="testcases.LoginTest">
        <test-method is-config="true" signature="tearUp()[pri:0, instance:testcases.LoginTest@4dc27487]" started-at="2025-07-06T13:11:34 IST" name="tearUp" finished-at="2025-07-06T13:11:45 IST" duration-ms="11228" status="PASS">
          <reporter-output>
          </reporter-output>
        </test-method> <!-- tearUp -->
        <test-method signature="dummyTesting()[pri:1, instance:testcases.LoginTest@4dc27487]" started-at="2025-07-06T13:11:45 IST" name="dummyTesting" finished-at="2025-07-06T13:11:45 IST" duration-ms="15" status="PASS">
          <reporter-output>
          </reporter-output>
        </test-method> <!-- dummyTesting -->
        <test-method is-config="true" signature="tearDown()[pri:0, instance:testcases.LoginTest@4dc27487]" started-at="2025-07-06T13:11:45 IST" name="tearDown" finished-at="2025-07-06T13:11:46 IST" duration-ms="540" status="PASS">
          <reporter-output>
          </reporter-output>
        </test-method> <!-- tearDown -->
      </class> <!-- testcases.LoginTest -->
    </test> <!-- Default test -->
  </suite> <!-- Default suite -->
</testng-results>
