<?xml version="1.0" encoding="UTF-8"?>
<testng-results ignored="0" total="1" passed="1" failed="0" skipped="0">
  <reporter-output>
  </reporter-output>
  <suite started-at="2025-07-14T17:27:52 IST" name="Default suite" finished-at="2025-07-14T17:28:26 IST" duration-ms="34868">
    <groups>
    </groups>
    <test started-at="2025-07-14T17:27:52 IST" name="Default test" finished-at="2025-07-14T17:28:26 IST" duration-ms="34868">
      <class name="testcases.LoginTest">
        <test-method is-config="true" signature="tearUp()[pri:0, instance:testcases.LoginTest@1807f5a7]" started-at="2025-07-14T17:27:52 IST" name="tearUp" finished-at="2025-07-14T17:28:00 IST" duration-ms="8131" status="PASS">
          <reporter-output>
          </reporter-output>
        </test-method> <!-- tearUp -->
        <test-method signature="userLogin()[pri:1, instance:testcases.LoginTest@1807f5a7]" started-at="2025-07-14T17:28:00 IST" name="userLogin" finished-at="2025-07-14T17:28:26 IST" duration-ms="26682" status="PASS">
          <reporter-output>
          </reporter-output>
        </test-method> <!-- userLogin -->
        <test-method is-config="true" signature="tearDown()[pri:0, instance:testcases.LoginTest@1807f5a7]" started-at="2025-07-14T17:28:26 IST" name="tearDown" finished-at="2025-07-14T17:28:26 IST" duration-ms="0" status="PASS">
          <reporter-output>
          </reporter-output>
        </test-method> <!-- tearDown -->
      </class> <!-- testcases.LoginTest -->
    </test> <!-- Default test -->
  </suite> <!-- Default suite -->
</testng-results>
